[LINE:72]# WARNING   [2020-12-05 01:07:13,525]  PROGRAM STARTED
[LINE:37]# INFO      [2020-12-05 01:07:13,525]  Got config...
[LINE:38]# INFO      [2020-12-05 01:07:13,525]  Logging in...
[LINE:56]# INFO      [2020-12-05 01:07:13,673]  Logged in.
[LINE:76]# INFO      [2020-12-05 01:07:13,673]  Main program started.
[LINE:67]# INFO      [2020-12-05 01:07:15,134]  Picture uploaded successful
[LINE:72]# WARNING   [2020-12-05 01:12:38,799]  PROGRAM STARTED
[LINE:37]# INFO      [2020-12-05 01:12:38,799]  Got config...
[LINE:38]# INFO      [2020-12-05 01:12:38,800]  Logging in...
[LINE:56]# INFO      [2020-12-05 01:12:38,932]  Logged in.
[LINE:76]# INFO      [2020-12-05 01:12:38,933]  Main program started.
[LINE:67]# INFO      [2020-12-05 01:12:40,239]  Picture uploaded successful
[LINE:67]# INFO      [2020-12-05 01:12:51,588]  Picture uploaded successful
[LINE:67]# INFO      [2020-12-05 01:13:03,111]  Picture uploaded successful
[LINE:67]# INFO      [2020-12-05 01:13:14,358]  Picture uploaded successful
[LINE:67]# INFO      [2020-12-05 01:13:25,699]  Picture uploaded successful
[LINE:72]# WARNING   [2020-12-05 01:20:02,705]  PROGRAM STARTED
[LINE:37]# INFO      [2020-12-05 01:20:02,706]  Got config...
[LINE:38]# INFO      [2020-12-05 01:20:02,706]  Logging in...
[LINE:56]# INFO      [2020-12-05 01:20:02,834]  Logged in.
[LINE:76]# INFO      [2020-12-05 01:20:02,834]  Main program started.
[LINE:67]# INFO      [2020-12-05 01:20:04,229]  Picture uploaded successful
[LINE:67]# INFO      [2020-12-05 01:25:05,502]  Picture uploaded successful
[LINE:67]# INFO      [2020-12-05 01:30:07,766]  Picture uploaded successful
[LINE:67]# INFO      [2020-12-05 01:35:09,024]  Picture uploaded successful
[LINE:67]# INFO      [2020-12-05 01:40:10,670]  Picture uploaded successful
[LINE:67]# INFO      [2020-12-05 01:45:11,844]  Picture uploaded successful
[LINE:67]# INFO      [2020-12-05 01:50:13,156]  Picture uploaded successful
[LINE:67]# INFO      [2020-12-05 01:55:14,477]  Picture uploaded successful
[LINE:67]# INFO      [2020-12-05 02:00:15,851]  Picture uploaded successful
[LINE:67]# INFO      [2020-12-05 02:05:17,467]  Picture uploaded successful
[LINE:67]# INFO      [2020-12-05 02:10:18,845]  Picture uploaded successful
[LINE:67]# INFO      [2020-12-05 02:15:20,221]  Picture uploaded successful
[LINE:67]# INFO      [2020-12-05 02:20:21,642]  Picture uploaded successful
[LINE:67]# INFO      [2020-12-05 09:26:57,500]  Picture uploaded successful
[LINE:67]# INFO      [2020-12-05 09:31:58,985]  Picture uploaded successful
[LINE:67]# INFO      [2020-12-05 09:37:00,433]  Picture uploaded successful
[LINE:67]# INFO      [2020-12-05 09:42:02,110]  Picture uploaded successful
[LINE:67]# INFO      [2020-12-05 09:47:03,660]  Picture uploaded successful
[LINE:67]# INFO      [2020-12-05 09:52:05,170]  Picture uploaded successful
[LINE:67]# INFO      [2020-12-05 09:57:06,681]  Picture uploaded successful
[LINE:67]# INFO      [2020-12-05 10:02:08,500]  Picture uploaded successful
[LINE:67]# INFO      [2020-12-05 10:07:10,177]  Picture uploaded successful
[LINE:67]# INFO      [2020-12-05 10:12:11,458]  Picture uploaded successful
[LINE:67]# INFO      [2020-12-05 10:17:13,158]  Picture uploaded successful
[LINE:67]# INFO      [2020-12-05 10:22:14,447]  Picture uploaded successful
[LINE:67]# INFO      [2020-12-05 10:27:16,066]  Picture uploaded successful
[LINE:67]# INFO      [2020-12-05 10:32:17,584]  Picture uploaded successful
[LINE:67]# INFO      [2020-12-05 10:37:19,180]  Picture uploaded successful
[LINE:67]# INFO      [2020-12-05 10:42:20,649]  Picture uploaded successful
[LINE:67]# INFO      [2020-12-05 10:47:22,105]  Picture uploaded successful
[LINE:67]# INFO      [2020-12-05 10:52:23,612]  Picture uploaded successful
[LINE:67]# INFO      [2020-12-05 10:57:25,328]  Picture uploaded successful
[LINE:67]# INFO      [2020-12-05 11:02:26,810]  Picture uploaded successful
[LINE:67]# INFO      [2020-12-05 11:07:28,125]  Picture uploaded successful
[LINE:67]# INFO      [2020-12-05 11:12:29,868]  Picture uploaded successful
[LINE:67]# INFO      [2020-12-05 11:17:31,290]  Picture uploaded successful
[LINE:67]# INFO      [2020-12-05 11:22:32,833]  Picture uploaded successful
[LINE:67]# INFO      [2020-12-05 11:27:34,405]  Picture uploaded successful
[LINE:67]# INFO      [2020-12-05 11:32:36,147]  Picture uploaded successful
[LINE:67]# INFO      [2020-12-05 11:37:37,717]  Picture uploaded successful
[LINE:67]# INFO      [2020-12-05 11:42:39,183]  Picture uploaded successful
[LINE:67]# INFO      [2020-12-05 11:47:40,631]  Picture uploaded successful
[LINE:67]# INFO      [2020-12-05 11:52:42,159]  Picture uploaded successful
[LINE:67]# INFO      [2020-12-05 11:57:43,762]  Picture uploaded successful
[LINE:67]# INFO      [2020-12-05 12:02:45,059]  Picture uploaded successful
[LINE:67]# INFO      [2020-12-05 12:07:46,593]  Picture uploaded successful
[LINE:67]# INFO      [2020-12-05 12:12:48,059]  Picture uploaded successful
[LINE:67]# INFO      [2020-12-05 12:17:49,589]  Picture uploaded successful
[LINE:67]# INFO      [2020-12-05 12:22:51,272]  Picture uploaded successful
[LINE:67]# INFO      [2020-12-05 12:27:52,654]  Picture uploaded successful
[LINE:67]# INFO      [2020-12-05 12:32:54,396]  Picture uploaded successful
[LINE:67]# INFO      [2020-12-05 12:37:56,159]  Picture uploaded successful
[LINE:67]# INFO      [2020-12-05 12:42:57,778]  Picture uploaded successful
[LINE:67]# INFO      [2020-12-05 12:47:59,190]  Picture uploaded successful
[LINE:67]# INFO      [2020-12-05 12:53:01,583]  Picture uploaded successful
[LINE:67]# INFO      [2020-12-05 12:58:03,217]  Picture uploaded successful
[LINE:67]# INFO      [2020-12-05 13:03:04,809]  Picture uploaded successful
[LINE:67]# INFO      [2020-12-05 13:08:06,290]  Picture uploaded successful
[LINE:67]# INFO      [2020-12-05 13:13:08,056]  Picture uploaded successful
[LINE:67]# INFO      [2020-12-05 13:18:09,432]  Picture uploaded successful
[LINE:67]# INFO      [2020-12-05 13:23:10,865]  Picture uploaded successful
[LINE:67]# INFO      [2020-12-05 13:28:12,397]  Picture uploaded successful
[LINE:67]# INFO      [2020-12-05 13:33:13,895]  Picture uploaded successful
[LINE:67]# INFO      [2020-12-05 13:38:15,237]  Picture uploaded successful
[LINE:67]# INFO      [2020-12-05 13:43:16,540]  Picture uploaded successful
[LINE:67]# INFO      [2020-12-05 13:48:18,295]  Picture uploaded successful
[LINE:67]# INFO      [2020-12-05 13:53:19,728]  Picture uploaded successful
[LINE:67]# INFO      [2020-12-05 13:58:21,224]  Picture uploaded successful
[LINE:67]# INFO      [2020-12-05 14:03:22,639]  Picture uploaded successful
[LINE:67]# INFO      [2020-12-05 14:08:24,061]  Picture uploaded successful
[LINE:67]# INFO      [2020-12-05 14:13:25,848]  Picture uploaded successful
[LINE:67]# INFO      [2020-12-05 14:18:27,384]  Picture uploaded successful
[LINE:67]# INFO      [2020-12-05 14:23:28,873]  Picture uploaded successful
[LINE:67]# INFO      [2020-12-05 14:28:30,574]  Picture uploaded successful
[LINE:67]# INFO      [2020-12-05 14:33:32,779]  Picture uploaded successful
[LINE:67]# INFO      [2020-12-05 14:38:34,352]  Picture uploaded successful
[LINE:67]# INFO      [2020-12-05 14:43:35,728]  Picture uploaded successful
[LINE:67]# INFO      [2020-12-05 14:48:37,184]  Picture uploaded successful
[LINE:67]# INFO      [2020-12-05 14:53:38,700]  Picture uploaded successful
[LINE:67]# INFO      [2020-12-05 14:58:40,190]  Picture uploaded successful
[LINE:67]# INFO      [2020-12-05 15:03:41,698]  Picture uploaded successful
[LINE:67]# INFO      [2020-12-05 15:08:43,149]  Picture uploaded successful
[LINE:67]# INFO      [2020-12-05 15:13:44,838]  Picture uploaded successful
[LINE:67]# INFO      [2020-12-05 15:18:46,086]  Picture uploaded successful
[LINE:67]# INFO      [2020-12-05 15:23:47,641]  Picture uploaded successful
[LINE:67]# INFO      [2020-12-05 15:28:49,041]  Picture uploaded successful
[LINE:72]# WARNING   [2020-12-05 19:37:10,847]  PROGRAM STARTED
[LINE:37]# INFO      [2020-12-05 19:37:10,847]  Got config...
[LINE:38]# INFO      [2020-12-05 19:37:10,847]  Logging in...
[LINE:56]# INFO      [2020-12-05 19:37:10,977]  Logged in.
[LINE:76]# INFO      [2020-12-05 19:37:10,977]  Main program started.
[LINE:72]# WARNING   [2020-12-05 19:49:26,383]  PROGRAM STARTED
[LINE:37]# INFO      [2020-12-05 19:49:26,383]  Got config...
[LINE:38]# INFO      [2020-12-05 19:49:26,383]  Logging in...
[LINE:56]# INFO      [2020-12-05 19:49:26,516]  Logged in.
[LINE:76]# INFO      [2020-12-05 19:49:26,516]  Main program started.
[LINE:67]# INFO      [2020-12-05 19:49:28,035]  Picture uploaded successful
[LINE:67]# INFO      [2020-12-05 19:54:29,477]  Picture uploaded successful
[LINE:67]# INFO      [2020-12-05 19:59:31,130]  Picture uploaded successful
[LINE:67]# INFO      [2020-12-05 20:04:32,857]  Picture uploaded successful
[LINE:67]# INFO      [2020-12-05 20:09:34,386]  Picture uploaded successful
[LINE:67]# INFO      [2020-12-05 20:14:36,679]  Picture uploaded successful
[LINE:67]# INFO      [2020-12-05 20:19:38,203]  Picture uploaded successful
[LINE:67]# INFO      [2020-12-05 20:24:39,712]  Picture uploaded successful
[LINE:67]# INFO      [2020-12-05 20:29:41,260]  Picture uploaded successful
[LINE:67]# INFO      [2020-12-05 20:34:42,837]  Picture uploaded successful
[LINE:67]# INFO      [2020-12-05 20:39:44,787]  Picture uploaded successful
[LINE:67]# INFO      [2020-12-05 20:44:46,886]  Picture uploaded successful
[LINE:67]# INFO      [2020-12-05 20:49:48,428]  Picture uploaded successful
[LINE:67]# INFO      [2020-12-05 20:54:51,441]  Picture uploaded successful
[LINE:67]# INFO      [2020-12-05 20:59:52,945]  Picture uploaded successful
[LINE:67]# INFO      [2020-12-05 21:04:54,446]  Picture uploaded successful
[LINE:67]# INFO      [2020-12-05 21:09:56,037]  Picture uploaded successful
[LINE:67]# INFO      [2020-12-05 21:14:57,601]  Picture uploaded successful
[LINE:67]# INFO      [2020-12-05 21:19:59,152]  Picture uploaded successful
[LINE:67]# INFO      [2020-12-05 21:25:00,534]  Picture uploaded successful
[LINE:67]# INFO      [2020-12-05 21:30:03,283]  Picture uploaded successful
[LINE:67]# INFO      [2020-12-05 21:35:04,750]  Picture uploaded successful
[LINE:67]# INFO      [2020-12-05 21:40:07,375]  Picture uploaded successful
[LINE:67]# INFO      [2020-12-05 21:45:08,762]  Picture uploaded successful
[LINE:67]# INFO      [2020-12-05 21:50:10,326]  Picture uploaded successful
[LINE:67]# INFO      [2020-12-05 21:55:11,847]  Picture uploaded successful
[LINE:67]# INFO      [2020-12-05 22:00:13,556]  Picture uploaded successful
[LINE:67]# INFO      [2020-12-05 22:05:15,213]  Picture uploaded successful
[LINE:67]# INFO      [2020-12-05 22:10:16,775]  Picture uploaded successful
[LINE:67]# INFO      [2020-12-05 22:15:18,263]  Picture uploaded successful
[LINE:67]# INFO      [2020-12-05 22:20:19,842]  Picture uploaded successful
[LINE:67]# INFO      [2020-12-05 22:25:21,494]  Picture uploaded successful
[LINE:67]# INFO      [2020-12-05 22:30:22,931]  Picture uploaded successful
[LINE:67]# INFO      [2020-12-05 22:35:24,451]  Picture uploaded successful
[LINE:67]# INFO      [2020-12-05 22:40:25,948]  Picture uploaded successful
[LINE:67]# INFO      [2020-12-05 22:45:27,319]  Picture uploaded successful
[LINE:67]# INFO      [2020-12-05 22:50:28,825]  Picture uploaded successful
[LINE:67]# INFO      [2020-12-05 22:55:30,236]  Picture uploaded successful
[LINE:67]# INFO      [2020-12-05 23:00:31,764]  Picture uploaded successful
[LINE:67]# INFO      [2020-12-05 23:05:33,126]  Picture uploaded successful
[LINE:67]# INFO      [2020-12-05 23:10:34,724]  Picture uploaded successful
[LINE:67]# INFO      [2020-12-05 23:15:36,407]  Picture uploaded successful
[LINE:67]# INFO      [2020-12-05 23:20:37,870]  Picture uploaded successful
[LINE:67]# INFO      [2020-12-05 23:25:39,503]  Picture uploaded successful
[LINE:67]# INFO      [2020-12-05 23:30:41,042]  Picture uploaded successful
[LINE:67]# INFO      [2020-12-05 23:35:42,523]  Picture uploaded successful
[LINE:67]# INFO      [2020-12-05 23:40:43,945]  Picture uploaded successful
[LINE:67]# INFO      [2020-12-05 23:45:45,565]  Picture uploaded successful
[LINE:67]# INFO      [2020-12-05 23:50:47,020]  Picture uploaded successful
[LINE:67]# INFO      [2020-12-05 23:55:48,463]  Picture uploaded successful
[LINE:67]# INFO      [2020-12-06 00:00:49,754]  Picture uploaded successful
[LINE:67]# INFO      [2020-12-06 00:05:51,193]  Picture uploaded successful
[LINE:67]# INFO      [2020-12-06 00:10:52,617]  Picture uploaded successful
[LINE:67]# INFO      [2020-12-06 00:15:54,187]  Picture uploaded successful
[LINE:67]# INFO      [2020-12-06 00:20:55,969]  Picture uploaded successful
[LINE:67]# INFO      [2020-12-06 00:25:57,368]  Picture uploaded successful
[LINE:67]# INFO      [2020-12-06 00:30:58,739]  Picture uploaded successful
[LINE:67]# INFO      [2020-12-06 00:36:00,204]  Picture uploaded successful
[LINE:67]# INFO      [2020-12-06 00:41:01,615]  Picture uploaded successful
[LINE:67]# INFO      [2020-12-06 00:46:04,567]  Picture uploaded successful
[LINE:72]# WARNING   [2020-12-06 01:33:34,199]  PROGRAM STARTED
[LINE:37]# INFO      [2020-12-06 01:33:34,199]  Got config...
[LINE:38]# INFO      [2020-12-06 01:33:34,199]  Logging in...
[LINE:56]# INFO      [2020-12-06 01:33:34,326]  Logged in.
[LINE:76]# INFO      [2020-12-06 01:33:34,327]  Main program started.
[LINE:72]# WARNING   [2020-12-06 01:34:01,147]  PROGRAM STARTED
[LINE:37]# INFO      [2020-12-06 01:34:01,148]  Got config...
[LINE:38]# INFO      [2020-12-06 01:34:01,148]  Logging in...
[LINE:56]# INFO      [2020-12-06 01:34:01,309]  Logged in.
[LINE:76]# INFO      [2020-12-06 01:34:01,309]  Main program started.
[LINE:67]# INFO      [2020-12-06 01:34:02,499]  Picture uploaded successful
[LINE:67]# INFO      [2020-12-06 01:44:03,903]  Picture uploaded successful
[LINE:67]# INFO      [2020-12-06 12:40:16,071]  Picture uploaded successful
[LINE:67]# INFO      [2020-12-06 12:50:18,046]  Picture uploaded successful
[LINE:67]# INFO      [2020-12-06 13:00:19,617]  Picture uploaded successful
[LINE:67]# INFO      [2020-12-06 13:10:21,156]  Picture uploaded successful
[LINE:67]# INFO      [2020-12-06 13:20:22,636]  Picture uploaded successful
[LINE:67]# INFO      [2020-12-06 13:30:24,163]  Picture uploaded successful
[LINE:67]# INFO      [2020-12-06 13:40:25,457]  Picture uploaded successful
[LINE:67]# INFO      [2020-12-06 13:50:27,078]  Picture uploaded successful
[LINE:67]# INFO      [2020-12-06 14:00:28,648]  Picture uploaded successful
[LINE:67]# INFO      [2020-12-06 14:10:30,293]  Picture uploaded successful
[LINE:67]# INFO      [2020-12-06 14:20:31,872]  Picture uploaded successful
[LINE:67]# INFO      [2020-12-06 14:30:34,274]  Picture uploaded successful
[LINE:67]# INFO      [2020-12-06 14:40:35,986]  Picture uploaded successful
[LINE:67]# INFO      [2020-12-06 14:50:37,498]  Picture uploaded successful
[LINE:67]# INFO      [2020-12-06 15:00:39,218]  Picture uploaded successful
[LINE:67]# INFO      [2020-12-06 15:10:41,211]  Picture uploaded successful
[LINE:67]# INFO      [2020-12-06 15:20:42,807]  Picture uploaded successful
[LINE:67]# INFO      [2020-12-06 15:30:44,331]  Picture uploaded successful
[LINE:72]# WARNING   [2020-12-06 19:12:15,958]  PROGRAM STARTED
[LINE:37]# INFO      [2020-12-06 19:12:15,958]  Got config...
[LINE:38]# INFO      [2020-12-06 19:12:15,959]  Logging in...
[LINE:56]# INFO      [2020-12-06 19:12:16,112]  Logged in.
[LINE:76]# INFO      [2020-12-06 19:12:16,112]  Main program started.
[LINE:67]# INFO      [2020-12-06 19:12:17,587]  Picture uploaded successful
[LINE:67]# INFO      [2020-12-06 19:22:19,311]  Picture uploaded successful
[LINE:72]# WARNING   [2020-12-06 20:46:07,842]  PROGRAM STARTED
[LINE:37]# INFO      [2020-12-06 20:46:07,842]  Got config...
[LINE:38]# INFO      [2020-12-06 20:46:07,843]  Logging in...
[LINE:56]# INFO      [2020-12-06 20:46:08,005]  Logged in.
[LINE:76]# INFO      [2020-12-06 20:46:08,005]  Main program started.
[LINE:67]# INFO      [2020-12-06 20:46:09,796]  Picture uploaded successful
[LINE:67]# INFO      [2020-12-06 20:56:11,404]  Picture uploaded successful
[LINE:67]# INFO      [2020-12-06 21:06:13,815]  Picture uploaded successful
[LINE:67]# INFO      [2020-12-06 21:16:15,456]  Picture uploaded successful
[LINE:67]# INFO      [2020-12-06 21:26:17,090]  Picture uploaded successful
[LINE:67]# INFO      [2020-12-06 21:36:18,944]  Picture uploaded successful
[LINE:67]# INFO      [2020-12-06 21:46:20,571]  Picture uploaded successful
[LINE:67]# INFO      [2020-12-06 21:56:22,356]  Picture uploaded successful
[LINE:67]# INFO      [2020-12-06 22:06:23,897]  Picture uploaded successful
[LINE:67]# INFO      [2020-12-06 22:16:25,812]  Picture uploaded successful
[LINE:67]# INFO      [2020-12-06 22:26:27,353]  Picture uploaded successful
[LINE:67]# INFO      [2020-12-06 22:36:29,245]  Picture uploaded successful
[LINE:67]# INFO      [2020-12-06 22:46:30,568]  Picture uploaded successful
[LINE:67]# INFO      [2020-12-06 22:56:32,223]  Picture uploaded successful
[LINE:67]# INFO      [2020-12-06 23:06:33,685]  Picture uploaded successful
[LINE:67]# INFO      [2020-12-06 23:16:35,287]  Picture uploaded successful
[LINE:67]# INFO      [2020-12-06 23:26:36,802]  Picture uploaded successful
[LINE:67]# INFO      [2020-12-06 23:36:38,316]  Picture uploaded successful
[LINE:67]# INFO      [2020-12-06 23:46:39,759]  Picture uploaded successful
[LINE:67]# INFO      [2020-12-06 23:56:41,192]  Picture uploaded successful
[LINE:67]# INFO      [2020-12-07 00:06:42,720]  Picture uploaded successful
[LINE:67]# INFO      [2020-12-07 00:16:44,193]  Picture uploaded successful
[LINE:67]# INFO      [2020-12-07 00:26:46,031]  Picture uploaded successful
[LINE:67]# INFO      [2020-12-07 00:36:47,598]  Picture uploaded successful
[LINE:67]# INFO      [2020-12-07 00:46:49,076]  Picture uploaded successful
[LINE:67]# INFO      [2020-12-07 08:05:09,301]  Picture uploaded successful
[LINE:67]# INFO      [2020-12-07 08:15:10,658]  Picture uploaded successful
[LINE:67]# INFO      [2020-12-07 08:25:12,535]  Picture uploaded successful
[LINE:67]# INFO      [2020-12-07 08:35:13,875]  Picture uploaded successful
[LINE:67]# INFO      [2020-12-07 08:45:15,397]  Picture uploaded successful
[LINE:67]# INFO      [2020-12-07 08:55:16,836]  Picture uploaded successful
[LINE:67]# INFO      [2020-12-07 09:05:18,361]  Picture uploaded successful
[LINE:67]# INFO      [2020-12-07 09:15:21,869]  Picture uploaded successful
[LINE:67]# INFO      [2020-12-07 09:25:23,234]  Picture uploaded successful
[LINE:72]# WARNING   [2020-12-07 21:53:58,748]  PROGRAM STARTED
[LINE:37]# INFO      [2020-12-07 21:53:58,748]  Got config...
[LINE:38]# INFO      [2020-12-07 21:53:58,748]  Logging in...
[LINE:56]# INFO      [2020-12-07 21:53:58,948]  Logged in.
[LINE:76]# INFO      [2020-12-07 21:53:58,948]  Main program started.
[LINE:67]# INFO      [2020-12-07 21:54:00,674]  Picture uploaded successful
[LINE:67]# INFO      [2020-12-07 22:04:02,425]  Picture uploaded successful
[LINE:67]# INFO      [2020-12-07 22:14:03,817]  Picture uploaded successful
[LINE:67]# INFO      [2020-12-07 22:24:05,594]  Picture uploaded successful
[LINE:67]# INFO      [2020-12-07 22:34:07,240]  Picture uploaded successful
[LINE:67]# INFO      [2020-12-07 22:44:08,655]  Picture uploaded successful
[LINE:67]# INFO      [2020-12-07 22:54:10,198]  Picture uploaded successful
[LINE:67]# INFO      [2020-12-07 23:04:11,760]  Picture uploaded successful
[LINE:67]# INFO      [2020-12-07 23:14:13,144]  Picture uploaded successful
[LINE:67]# INFO      [2020-12-07 23:24:14,682]  Picture uploaded successful
[LINE:67]# INFO      [2020-12-07 23:34:16,123]  Picture uploaded successful
[LINE:67]# INFO      [2020-12-07 23:44:17,809]  Picture uploaded successful
[LINE:67]# INFO      [2020-12-07 23:54:19,325]  Picture uploaded successful
[LINE:67]# INFO      [2020-12-08 00:04:20,646]  Picture uploaded successful
[LINE:67]# INFO      [2020-12-08 00:14:22,203]  Picture uploaded successful
[LINE:67]# INFO      [2020-12-08 00:24:23,995]  Picture uploaded successful
[LINE:67]# INFO      [2020-12-08 00:34:25,476]  Picture uploaded successful
[LINE:67]# INFO      [2020-12-08 00:44:26,972]  Picture uploaded successful
[LINE:67]# INFO      [2020-12-08 00:54:28,401]  Picture uploaded successful
[LINE:67]# INFO      [2020-12-08 01:04:29,771]  Picture uploaded successful
[LINE:67]# INFO      [2020-12-08 01:14:31,191]  Picture uploaded successful
[LINE:67]# INFO      [2020-12-08 01:24:32,658]  Picture uploaded successful
[LINE:67]# INFO      [2020-12-08 01:34:34,444]  Picture uploaded successful
[LINE:67]# INFO      [2020-12-08 01:44:35,852]  Picture uploaded successful
[LINE:67]# INFO      [2020-12-08 01:54:37,125]  Picture uploaded successful
[LINE:67]# INFO      [2020-12-08 02:04:38,558]  Picture uploaded successful
[LINE:67]# INFO      [2020-12-08 02:14:39,871]  Picture uploaded successful
[LINE:67]# INFO      [2020-12-08 02:24:41,283]  Picture uploaded successful
[LINE:67]# INFO      [2020-12-08 02:34:42,756]  Picture uploaded successful
[LINE:67]# INFO      [2020-12-08 02:44:44,115]  Picture uploaded successful
[LINE:67]# INFO      [2020-12-08 03:29:55,318]  Picture uploaded successful
[LINE:67]# INFO      [2020-12-08 03:39:56,726]  Picture uploaded successful
[LINE:67]# INFO      [2020-12-08 03:49:58,131]  Picture uploaded successful
[LINE:67]# INFO      [2020-12-08 03:59:59,476]  Picture uploaded successful
[LINE:67]# INFO      [2020-12-08 04:10:01,430]  Picture uploaded successful
[LINE:67]# INFO      [2020-12-08 04:20:03,020]  Picture uploaded successful
[LINE:67]# INFO      [2020-12-08 04:30:04,403]  Picture uploaded successful
[LINE:67]# INFO      [2020-12-08 04:40:05,910]  Picture uploaded successful
[LINE:67]# INFO      [2020-12-08 04:50:07,423]  Picture uploaded successful
[LINE:67]# INFO      [2020-12-08 05:00:08,987]  Picture uploaded successful
[LINE:67]# INFO      [2020-12-08 05:10:10,356]  Picture uploaded successful
[LINE:67]# INFO      [2020-12-08 05:20:11,663]  Picture uploaded successful
[LINE:67]# INFO      [2020-12-08 05:30:13,059]  Picture uploaded successful
[LINE:67]# INFO      [2020-12-08 05:40:14,491]  Picture uploaded successful
[LINE:67]# INFO      [2020-12-08 05:50:15,894]  Picture uploaded successful
[LINE:67]# INFO      [2020-12-08 06:00:17,421]  Picture uploaded successful
[LINE:67]# INFO      [2020-12-08 06:10:18,883]  Picture uploaded successful
[LINE:67]# INFO      [2020-12-08 06:20:20,273]  Picture uploaded successful
[LINE:67]# INFO      [2020-12-08 06:30:21,644]  Picture uploaded successful
[LINE:67]# INFO      [2020-12-08 06:40:23,095]  Picture uploaded successful
[LINE:67]# INFO      [2020-12-08 06:50:24,583]  Picture uploaded successful
[LINE:67]# INFO      [2020-12-08 07:00:26,035]  Picture uploaded successful
[LINE:67]# INFO      [2020-12-08 07:10:27,509]  Picture uploaded successful
[LINE:67]# INFO      [2020-12-08 07:20:29,017]  Picture uploaded successful
[LINE:67]# INFO      [2020-12-08 07:30:30,470]  Picture uploaded successful
[LINE:67]# INFO      [2020-12-08 07:40:33,097]  Picture uploaded successful
[LINE:67]# INFO      [2020-12-08 07:50:34,541]  Picture uploaded successful
[LINE:67]# INFO      [2020-12-08 08:00:36,475]  Picture uploaded successful
[LINE:67]# INFO      [2020-12-08 08:10:38,151]  Picture uploaded successful
[LINE:67]# INFO      [2020-12-08 08:20:39,659]  Picture uploaded successful
[LINE:72]# WARNING   [2020-12-08 11:54:13,861]  PROGRAM STARTED
[LINE:37]# INFO      [2020-12-08 11:54:13,864]  Got config...
[LINE:38]# INFO      [2020-12-08 11:54:13,864]  Logging in...
[LINE:56]# INFO      [2020-12-08 11:54:14,062]  Logged in.
[LINE:76]# INFO      [2020-12-08 11:54:14,062]  Main program started.
[LINE:67]# INFO      [2020-12-08 11:54:15,717]  Picture uploaded successful
[LINE:67]# INFO      [2020-12-08 12:04:17,254]  Picture uploaded successful
[LINE:67]# INFO      [2020-12-08 12:14:18,751]  Picture uploaded successful
[LINE:67]# INFO      [2020-12-08 12:24:20,329]  Picture uploaded successful
[LINE:67]# INFO      [2020-12-08 12:34:22,031]  Picture uploaded successful
[LINE:67]# INFO      [2020-12-08 12:44:23,690]  Picture uploaded successful
[LINE:67]# INFO      [2020-12-08 12:54:25,303]  Picture uploaded successful
[LINE:67]# INFO      [2020-12-08 13:04:26,869]  Picture uploaded successful
[LINE:67]# INFO      [2020-12-08 13:14:28,658]  Picture uploaded successful
[LINE:67]# INFO      [2020-12-08 13:24:30,304]  Picture uploaded successful
[LINE:67]# INFO      [2020-12-08 13:34:31,907]  Picture uploaded successful
[LINE:67]# INFO      [2020-12-08 13:44:33,483]  Picture uploaded successful
[LINE:67]# INFO      [2020-12-08 13:54:35,093]  Picture uploaded successful
[LINE:67]# INFO      [2020-12-08 19:39:43,209]  Picture uploaded successful
[LINE:67]# INFO      [2020-12-08 19:49:44,660]  Picture uploaded successful
[LINE:67]# INFO      [2020-12-08 19:59:46,352]  Picture uploaded successful
[LINE:67]# INFO      [2020-12-08 20:09:49,310]  Picture uploaded successful
[LINE:67]# INFO      [2020-12-08 20:19:51,145]  Picture uploaded successful
[LINE:67]# INFO      [2020-12-08 20:29:52,909]  Picture uploaded successful
[LINE:67]# INFO      [2020-12-08 20:39:54,700]  Picture uploaded successful
[LINE:67]# INFO      [2020-12-08 20:49:56,404]  Picture uploaded successful
[LINE:67]# INFO      [2020-12-08 20:59:58,144]  Picture uploaded successful
[LINE:67]# INFO      [2020-12-08 21:10:00,958]  Picture uploaded successful
[LINE:67]# INFO      [2020-12-08 21:20:03,635]  Picture uploaded successful
[LINE:67]# INFO      [2020-12-08 21:30:06,116]  Picture uploaded successful
[LINE:67]# INFO      [2020-12-08 21:40:07,903]  Picture uploaded successful
[LINE:67]# INFO      [2020-12-08 21:50:09,500]  Picture uploaded successful
[LINE:67]# INFO      [2020-12-08 22:00:12,049]  Picture uploaded successful
[LINE:67]# INFO      [2020-12-08 22:10:13,610]  Picture uploaded successful
[LINE:67]# INFO      [2020-12-08 22:20:15,279]  Picture uploaded successful
[LINE:67]# INFO      [2020-12-08 22:30:17,328]  Picture uploaded successful
[LINE:67]# INFO      [2020-12-08 22:40:19,119]  Picture uploaded successful
[LINE:67]# INFO      [2020-12-08 22:50:22,207]  Picture uploaded successful
[LINE:67]# INFO      [2020-12-08 23:00:24,291]  Picture uploaded successful
[LINE:67]# INFO      [2020-12-08 23:10:25,760]  Picture uploaded successful
[LINE:67]# INFO      [2020-12-08 23:20:27,228]  Picture uploaded successful
[LINE:67]# INFO      [2020-12-08 23:30:28,842]  Picture uploaded successful
[LINE:67]# INFO      [2020-12-08 23:40:30,419]  Picture uploaded successful
[LINE:67]# INFO      [2020-12-08 23:50:31,874]  Picture uploaded successful
[LINE:67]# INFO      [2020-12-09 00:00:33,477]  Picture uploaded successful
[LINE:67]# INFO      [2020-12-09 00:10:34,858]  Picture uploaded successful
[LINE:67]# INFO      [2020-12-09 00:20:36,854]  Picture uploaded successful
[LINE:67]# INFO      [2020-12-09 00:30:38,362]  Picture uploaded successful
[LINE:67]# INFO      [2020-12-09 00:40:39,763]  Picture uploaded successful
[LINE:67]# INFO      [2020-12-09 00:50:41,242]  Picture uploaded successful
[LINE:67]# INFO      [2020-12-09 01:00:42,653]  Picture uploaded successful
[LINE:67]# INFO      [2020-12-09 01:10:44,090]  Picture uploaded successful
[LINE:67]# INFO      [2020-12-09 01:20:46,083]  Picture uploaded successful
[LINE:67]# INFO      [2020-12-09 01:30:47,785]  Picture uploaded successful
[LINE:67]# INFO      [2020-12-09 01:40:49,126]  Picture uploaded successful
[LINE:67]# INFO      [2020-12-09 01:50:50,514]  Picture uploaded successful
[LINE:67]# INFO      [2020-12-09 02:00:51,790]  Picture uploaded successful
[LINE:67]# INFO      [2020-12-09 02:10:53,182]  Picture uploaded successful
[LINE:72]# WARNING   [2020-12-11 18:08:30,341]  PROGRAM STARTED
[LINE:37]# INFO      [2020-12-11 18:08:30,342]  Got config...
[LINE:38]# INFO      [2020-12-11 18:08:30,342]  Logging in...
[LINE:56]# INFO      [2020-12-11 18:08:30,587]  Logged in.
[LINE:76]# INFO      [2020-12-11 18:08:30,587]  Main program started.
[LINE:67]# INFO      [2020-12-11 18:08:32,055]  Picture uploaded successful
